[25-Mar-25 17:44:07 - INFO] - ses - bot - Bot Started!!
[29-Mar-25 17:49:24 - INFO] - ses - bot - Bot stopped.
[29-Mar-25 17:49:24 - INFO] - ses - bot - Bot stopped.
[29-Mar-25 17:50:38 - INFO] - ses - bot - Bot Started!!
[29-Mar-25 17:51:26 - INFO] - ses - bot - Bot stopped.
[29-Mar-25 17:51:26 - INFO] - ses - bot - Bot stopped.
[29-Mar-25 17:52:15 - INFO] - ses - bot - Bot Started!!
[29-Mar-25 17:54:43 - INFO] - ses - bot - Bot stopped.
[29-Mar-25 17:54:43 - INFO] - ses - bot - Bot stopped.
[29-Mar-25 17:55:58 - INFO] - ses - bot - Bot Started!!
[29-Mar-25 18:00:32 - INFO] - ses - bot - Bot stopped.
[29-Mar-25 18:00:32 - INFO] - ses - bot - Bot stopped.
[29-Mar-25 18:02:50 - INFO] - ses - bot - Bot Started!!
[29-Mar-25 18:04:51 - INFO] - ses - bot - Bot Started!!
[29-Mar-25 18:10:51 - INFO] - ses - bot - Bot Started!!
[22-Apr-25 16:42:11 - INFO] - ses - bot - Bot Started!!
[22-Apr-25 16:45:01 - INFO] - ses - bot - Bot Started!!
[22-Apr-25 16:49:31 - INFO] - ses - bot - Bot Started!!
[23-Apr-25 15:13:53 - INFO] - ses - bot - Bot Started!!
[23-Apr-25 15:13:58 - WARNING] - ses - helper.helper_func - Error updating message: Telegram says: [400 REPLY_MARKUP_INVALID] (caused by "messages.EditMessage") Pyrogram 2.3.50 thinks: The provided reply markup is invalid
[23-Apr-25 15:48:30 - WARNING] - ses - helper.helper_func - Error updating message: Telegram says: [400 REPLY_MARKUP_INVALID] (caused by "messages.EditMessage") Pyrogram 2.3.50 thinks: The provided reply markup is invalid
[23-Apr-25 15:48:30 - WARNING] - ses - helper.helper_func - Error updating message: Telegram says: [400 REPLY_MARKUP_INVALID] (caused by "messages.EditMessage") Pyrogram 2.3.50 thinks: The provided reply markup is invalid
[23-Apr-25 15:51:38 - INFO] - ses - bot - Bot Started!!
[23-Apr-25 15:53:19 - WARNING] - ses - helper.helper_func - Error updating message: Telegram says: [400 REPLY_MARKUP_INVALID] (caused by "messages.EditMessage") Pyrogram 2.3.50 thinks: The provided reply markup is invalid
[23-Apr-25 15:53:36 - WARNING] - ses - helper.helper_func - Error updating message: Telegram says: [400 REPLY_MARKUP_INVALID] (caused by "messages.EditMessage") Pyrogram 2.3.50 thinks: The provided reply markup is invalid
[23-Apr-25 15:53:36 - WARNING] - ses - helper.helper_func - Error updating message: Telegram says: [400 REPLY_MARKUP_INVALID] (caused by "messages.EditMessage") Pyrogram 2.3.50 thinks: The provided reply markup is invalid
[23-Apr-25 15:56:02 - WARNING] - ses - helper.helper_func - Error updating message: Telegram says: [400 REPLY_MARKUP_INVALID] (caused by "messages.EditMessage") Pyrogram 2.3.50 thinks: The provided reply markup is invalid
[23-Apr-25 15:56:03 - INFO] - ses - bot - Bot Started!!
[23-Apr-25 15:56:14 - WARNING] - ses - helper.helper_func - Error updating message: Telegram says: [400 REPLY_MARKUP_INVALID] (caused by "messages.EditMessage") Pyrogram 2.3.50 thinks: The provided reply markup is invalid
[23-Apr-25 15:56:14 - WARNING] - ses - helper.helper_func - Error updating message: Telegram says: [400 REPLY_MARKUP_INVALID] (caused by "messages.EditMessage") Pyrogram 2.3.50 thinks: The provided reply markup is invalid
[23-Apr-25 16:01:30 - INFO] - ses - bot - Bot Started!!
[23-Apr-25 16:04:59 - INFO] - ses - bot - Bot Started!!
[23-Apr-25 16:11:05 - INFO] - ses - bot - Bot Started!!
[23-Apr-25 16:24:08 - INFO] - ses - bot - Bot Started!!
[24-Apr-25 23:44:03 - INFO] - ses - bot - Bot Started!!
[24-Apr-25 23:44:52 - INFO] - ses - bot - Bot Started!!
[25-Apr-25 00:39:47 - INFO] - ses - bot - Bot Started!!
[25-Apr-25 00:40:15 - INFO] - ses - bot - Bot Started!!
[25-Apr-25 00:42:43 - INFO] - ses - bot - Bot Started!!
[25-Apr-25 00:46:24 - INFO] - ses - bot - Bot Started!!
[25-Apr-25 00:47:45 - INFO] - ses - bot - Bot Started!!
[25-Apr-25 00:48:18 - INFO] - ses - bot - Bot Started!!
[25-Apr-25 01:05:52 - INFO] - ses - bot - Bot Started!!
[25-Apr-25 01:26:44 - INFO] - ses - bot - Bot Started!!
[25-Apr-25 01:27:45 - INFO] - ses - bot - Bot Started!!
[25-Apr-25 01:40:46 - INFO] - ses - bot - Bot Started!!
[25-Apr-25 11:02:59 - INFO] - ses - bot - Bot Started!!
[25-Apr-25 11:14:11 - INFO] - ses - bot - Bot stopped.
[25-Apr-25 11:14:11 - INFO] - ses - bot - Bot stopped.
[25-Apr-25 11:14:27 - INFO] - ses - bot - Bot Started!!
[25-Apr-25 11:49:11 - INFO] - ses - bot - Bot stopped.
[25-Apr-25 11:49:11 - INFO] - ses - bot - Bot stopped.
[25-Apr-25 11:49:25 - INFO] - ses - bot - Bot Started!!
[25-Apr-25 12:58:13 - INFO] - ses - bot - Bot Started!!
[25-Apr-25 13:01:35 - INFO] - ses - bot - Bot stopped.
[25-Apr-25 13:01:35 - INFO] - ses - bot - Bot stopped.
[25-Apr-25 13:01:47 - INFO] - ses - bot - Bot Started!!
[25-Apr-25 13:20:18 - INFO] - ses - bot - Bot Started!!
[25-Apr-25 13:21:00 - INFO] - ses - bot - Bot stopped.
[25-Apr-25 13:21:00 - INFO] - ses - bot - Bot stopped.
[25-Apr-25 13:21:12 - INFO] - ses - bot - Bot Started!!
[25-Apr-25 13:22:47 - INFO] - ses - bot - Bot stopped.
[25-Apr-25 13:22:47 - INFO] - ses - bot - Bot stopped.
[25-Apr-25 13:23:00 - INFO] - ses - bot - Bot Started!!
[25-Apr-25 13:23:32 - INFO] - ses - bot - Bot stopped.
[25-Apr-25 13:23:32 - INFO] - ses - bot - Bot stopped.
[25-Apr-25 13:23:45 - INFO] - ses - bot - Bot Started!!
[25-Apr-25 13:25:30 - INFO] - ses - bot - Bot stopped.
[25-Apr-25 13:25:30 - INFO] - ses - bot - Bot stopped.
[25-Apr-25 13:25:43 - INFO] - ses - bot - Bot Started!!
[25-Apr-25 13:33:10 - INFO] - ses - bot - Bot stopped.
[25-Apr-25 13:33:10 - INFO] - ses - bot - Bot stopped.
[25-Apr-25 13:33:53 - INFO] - ses - bot - Bot Started!!
[25-Apr-25 13:34:48 - INFO] - ses - bot - Bot stopped.
[25-Apr-25 13:34:48 - INFO] - ses - bot - Bot stopped.
[25-Apr-25 13:35:01 - INFO] - ses - bot - Bot Started!!
[25-Apr-25 13:38:30 - INFO] - ses - bot - Bot stopped.
[25-Apr-25 13:38:30 - INFO] - ses - bot - Bot stopped.
[25-Apr-25 13:38:44 - INFO] - ses - bot - Bot Started!!
[25-Apr-25 13:39:18 - INFO] - ses - bot - Bot stopped.
[25-Apr-25 13:39:18 - INFO] - ses - bot - Bot stopped.
[25-Apr-25 13:39:31 - INFO] - ses - bot - Bot Started!!
[25-Apr-25 13:40:39 - INFO] - ses - bot - Bot stopped.
[25-Apr-25 13:40:39 - INFO] - ses - bot - Bot stopped.
[25-Apr-25 13:40:52 - INFO] - ses - bot - Bot Started!!
[25-Apr-25 13:41:28 - INFO] - ses - bot - Bot stopped.
[25-Apr-25 13:41:28 - INFO] - ses - bot - Bot stopped.
[25-Apr-25 13:41:44 - INFO] - ses - bot - Bot Started!!
[25-Apr-25 13:42:01 - INFO] - ses - bot - Bot stopped.
[25-Apr-25 13:42:01 - INFO] - ses - bot - Bot stopped.
[25-Apr-25 13:42:13 - INFO] - ses - bot - Bot Started!!
[25-Apr-25 13:42:50 - INFO] - ses - bot - Bot stopped.
[25-Apr-25 13:42:50 - INFO] - ses - bot - Bot stopped.
[25-Apr-25 13:46:01 - INFO] - ses - bot - Bot Started!!
[25-Apr-25 13:47:50 - INFO] - ses - bot - Bot stopped.
[25-Apr-25 13:47:50 - INFO] - ses - bot - Bot stopped.
[25-Apr-25 13:48:03 - INFO] - ses - bot - Bot Started!!
[25-Apr-25 13:49:13 - INFO] - ses - bot - Bot stopped.
[25-Apr-25 13:49:13 - INFO] - ses - bot - Bot stopped.
[25-Apr-25 13:49:26 - INFO] - ses - bot - Bot Started!!
[25-Apr-25 13:50:34 - INFO] - ses - bot - Bot stopped.
[25-Apr-25 13:50:34 - INFO] - ses - bot - Bot stopped.
[25-Apr-25 13:50:48 - INFO] - ses - bot - Bot Started!!
[25-Apr-25 13:52:24 - INFO] - ses - bot - Bot stopped.
[25-Apr-25 13:52:24 - INFO] - ses - bot - Bot stopped.
[25-Apr-25 13:52:39 - INFO] - ses - bot - Bot Started!!
[25-Apr-25 13:56:58 - INFO] - ses - bot - Bot stopped.
[25-Apr-25 13:56:58 - INFO] - ses - bot - Bot stopped.
[25-Apr-25 13:57:10 - INFO] - ses - bot - Bot Started!!
[25-Apr-25 14:02:06 - INFO] - ses - bot - Bot stopped.
[25-Apr-25 14:02:06 - INFO] - ses - bot - Bot stopped.
[25-Apr-25 14:02:19 - INFO] - ses - bot - Bot Started!!
[25-Apr-25 14:04:07 - INFO] - ses - bot - Bot stopped.
[25-Apr-25 14:04:07 - INFO] - ses - bot - Bot stopped.
[25-Apr-25 14:04:21 - INFO] - ses - bot - Bot Started!!
[25-Apr-25 14:04:45 - INFO] - ses - bot - Bot stopped.
[25-Apr-25 14:04:45 - INFO] - ses - bot - Bot stopped.
[25-Apr-25 14:04:58 - INFO] - ses - bot - Bot Started!!
[25-Apr-25 14:05:43 - INFO] - ses - bot - Bot stopped.
[25-Apr-25 14:05:43 - INFO] - ses - bot - Bot stopped.
[25-Apr-25 14:05:57 - INFO] - ses - bot - Bot Started!!
[25-Apr-25 14:21:25 - INFO] - ses - bot - Bot stopped.
[25-Apr-25 14:21:25 - INFO] - ses - bot - Bot stopped.
[25-Apr-25 14:21:38 - INFO] - ses - bot - Bot Started!!
[25-Apr-25 14:24:14 - INFO] - ses - bot - Bot stopped.
[25-Apr-25 14:24:14 - INFO] - ses - bot - Bot stopped.
[25-Apr-25 14:24:26 - INFO] - ses - bot - Bot Started!!
[25-Apr-25 14:30:46 - INFO] - ses - bot - Bot stopped.
[25-Apr-25 14:30:46 - INFO] - ses - bot - Bot stopped.
[25-Apr-25 14:31:03 - INFO] - ses - bot - Bot Started!!
[25-Apr-25 14:32:50 - INFO] - ses - bot - Bot stopped.
[25-Apr-25 14:32:50 - INFO] - ses - bot - Bot stopped.
[25-Apr-25 14:33:14 - INFO] - ses - bot - Bot Started!!
[25-Apr-25 14:34:35 - INFO] - ses - bot - Bot stopped.
[25-Apr-25 14:34:35 - INFO] - ses - bot - Bot stopped.
[25-Apr-25 14:34:48 - INFO] - ses - bot - Bot Started!!
[25-Apr-25 14:36:09 - INFO] - ses - bot - Bot stopped.
[25-Apr-25 14:36:09 - INFO] - ses - bot - Bot stopped.
[25-Apr-25 14:36:25 - INFO] - ses - bot - Bot Started!!
[25-Apr-25 14:36:26 - INFO] - ses - bot - Bot stopped.
[25-Apr-25 14:36:26 - INFO] - ses - bot - Bot stopped.
[25-Apr-25 14:36:39 - INFO] - ses - bot - Bot Started!!
[25-Apr-25 14:39:01 - INFO] - ses - bot - Bot stopped.
[25-Apr-25 14:39:01 - INFO] - ses - bot - Bot stopped.
[25-Apr-25 14:39:15 - INFO] - ses - bot - Bot Started!!
[25-Apr-25 14:39:36 - INFO] - ses - bot - Bot stopped.
[25-Apr-25 14:39:36 - INFO] - ses - bot - Bot stopped.
[25-Apr-25 14:39:55 - INFO] - ses - bot - Bot Started!!
[25-Apr-25 14:40:27 - INFO] - ses - bot - Bot stopped.
[25-Apr-25 14:40:27 - INFO] - ses - bot - Bot stopped.
[25-Apr-25 14:40:40 - INFO] - ses - bot - Bot Started!!
[25-Apr-25 14:41:34 - INFO] - ses - bot - Bot stopped.
[25-Apr-25 14:41:34 - INFO] - ses - bot - Bot stopped.
[25-Apr-25 14:41:47 - INFO] - ses - bot - Bot Started!!
[25-Apr-25 14:58:52 - INFO] - ses - bot - Bot stopped.
[25-Apr-25 14:58:52 - INFO] - ses - bot - Bot stopped.
[25-Apr-25 14:59:08 - INFO] - ses - bot - Bot Started!!
[25-Apr-25 15:22:31 - INFO] - ses - bot - Bot stopped.
[25-Apr-25 15:22:31 - INFO] - ses - bot - Bot stopped.
[25-Apr-25 15:22:47 - INFO] - ses - bot - Bot Started!!
[25-Apr-25 15:24:48 - INFO] - ses - bot - Bot stopped.
[25-Apr-25 15:24:48 - INFO] - ses - bot - Bot stopped.
[25-Apr-25 15:25:37 - INFO] - ses - bot - Bot Started!!
[25-Apr-25 15:27:00 - INFO] - ses - bot - Bot stopped.
[25-Apr-25 15:27:00 - INFO] - ses - bot - Bot stopped.
[25-Apr-25 15:27:39 - INFO] - ses - bot - Bot Started!!
[25-Apr-25 15:27:40 - INFO] - ses - bot - Bot stopped.
[25-Apr-25 15:27:40 - INFO] - ses - bot - Bot stopped.
[25-Apr-25 15:28:04 - INFO] - ses - bot - Bot Started!!
[25-Apr-25 15:28:48 - INFO] - ses - bot - Bot stopped.
[25-Apr-25 15:28:48 - INFO] - ses - bot - Bot stopped.
[25-Apr-25 15:29:08 - INFO] - ses - bot - Bot Started!!
[25-Apr-25 15:33:17 - INFO] - ses - bot - Bot stopped.
[25-Apr-25 15:33:17 - INFO] - ses - bot - Bot stopped.
[25-Apr-25 15:34:28 - INFO] - ses - bot - Bot Started!!
[25-Apr-25 15:40:23 - INFO] - ses - bot - Bot stopped.
[25-Apr-25 15:40:23 - INFO] - ses - bot - Bot stopped.
[25-Apr-25 15:40:44 - WARNING] - ses - plugins.start - Error decoding ID: 'Bot' object has no attribute 'db_channel'
[25-Apr-25 15:40:54 - WARNING] - ses - plugins.start - Error decoding ID: 'Bot' object has no attribute 'db_channel'
[25-Apr-25 15:40:54 - WARNING] - ses - plugins.start - Error decoding ID: 'Bot' object has no attribute 'db_channel'
[25-Apr-25 15:41:52 - INFO] - ses - bot - Bot Started!!
[25-Apr-25 16:42:45 - INFO] - ses - bot - Bot Started!!
[25-Apr-25 16:45:24 - INFO] - ses - bot - Bot stopped.
[25-Apr-25 16:45:24 - INFO] - ses - bot - Bot stopped.
[25-Apr-25 16:45:37 - INFO] - ses - bot - Bot Started!!
[25-Apr-25 16:48:40 - INFO] - ses - bot - Bot stopped.
[25-Apr-25 16:48:40 - INFO] - ses - bot - Bot stopped.
[25-Apr-25 16:49:53 - INFO] - ses - bot - Bot Started!!
[25-Apr-25 16:50:55 - INFO] - ses - bot - Bot stopped.
[25-Apr-25 16:50:55 - INFO] - ses - bot - Bot stopped.
[25-Apr-25 16:52:19 - INFO] - ses - bot - Bot Started!!
[25-Apr-25 16:53:44 - INFO] - ses - bot - Bot stopped.
[25-Apr-25 16:53:44 - INFO] - ses - bot - Bot stopped.
[25-Apr-25 16:53:58 - INFO] - ses - bot - Bot Started!!
[25-Apr-25 16:55:55 - INFO] - ses - bot - Bot stopped.
[25-Apr-25 16:55:55 - INFO] - ses - bot - Bot stopped.
